This file contains any messages produced by compilers while
running configure, to aid debugging if configure makes a mistake.

It was created by configure, which was
generated by GNU Autoconf 2.61.  Invocation command line was

  $ ./configure --prefix=/usr/local --disable-option-checking --cache-file=/dev/null --srcdir=.

## --------- ##
## Platform. ##
## --------- ##

hostname = repo
uname -m = i686
uname -r = 2.6.17-12-server
uname -s = Linux
uname -v = #2 SMP Thu Jan 31 22:15:27 UTC 2008

/usr/bin/uname -p = unknown
/bin/uname -X     = unknown

/bin/arch              = i686
/usr/bin/arch -k       = unknown
/usr/convex/getsysinfo = unknown
/usr/bin/hostinfo      = unknown
/bin/machine           = unknown
/usr/bin/oslevel       = unknown
/bin/universe          = unknown

PATH: /opt/ocaml-3.10.2/bin
PATH: /usr/local/bin
PATH: /usr/local/bin
PATH: /usr/local/sbin
PATH: /usr/local/bin
PATH: /usr/sbin
PATH: /usr/bin
PATH: /sbin
PATH: /bin
PATH: /usr/bin/X11
PATH: /usr/games


## ----------- ##
## Core tests. ##
## ----------- ##

configure:1700: checking for ocamlc
configure:1716: found /opt/ocaml-3.10.2/bin/ocamlc
configure:1730: result: ocamlc
configure:1739: result: OCaml version is 3.10.2
configure:1742: result: OCaml library path is /opt/ocaml-3.10.2/lib/ocaml
configure:1747: checking for ocamlopt
configure:1763: found /opt/ocaml-3.10.2/bin/ocamlopt
configure:1774: result: ocamlopt
configure:1799: checking for ocamlc.opt
configure:1815: found /opt/ocaml-3.10.2/bin/ocamlc.opt
configure:1826: result: ocamlc.opt
configure:1847: checking for ocamlopt.opt
configure:1863: found /opt/ocaml-3.10.2/bin/ocamlopt.opt
configure:1874: result: ocamlopt.opt
configure:1895: checking for ocamldep
configure:1911: found /opt/ocaml-3.10.2/bin/ocamldep
configure:1925: result: ocamldep
configure:1937: checking for ocamlmktop
configure:1953: found /opt/ocaml-3.10.2/bin/ocamlmktop
configure:1966: result: ocamlmktop
configure:1977: checking for ocamlmklib
configure:1993: found /opt/ocaml-3.10.2/bin/ocamlmklib
configure:2006: result: ocamlmklib
configure:2017: checking for ocamldoc
configure:2033: found /opt/ocaml-3.10.2/bin/ocamldoc
configure:2046: result: ocamldoc
configure:2282: checking for gcc
configure:2309: result: gcc
configure:2547: checking for C compiler version
configure:2554: gcc --version >&5
gcc (GCC) 4.1.2 20060928 (prerelease) (Ubuntu 4.1.1-13ubuntu5)
Copyright (C) 2006 Free Software Foundation, Inc.
This is free software; see the source for copying conditions.  There is NO
warranty; not even for MERCHANTABILITY or FITNESS FOR A PARTICULAR PURPOSE.

configure:2557: $? = 0
configure:2564: gcc -v >&5
Using built-in specs.
Target: i486-linux-gnu
Configured with: ../src/configure -v --enable-languages=c,c++,fortran,objc,obj-c++,treelang --prefix=/usr --enable-shared --with-system-zlib --libexecdir=/usr/lib --without-included-gettext --enable-threads=posix --enable-nls --program-suffix=-4.1 --enable-__cxa_atexit --enable-clocale=gnu --enable-libstdcxx-debug --enable-mpfr --enable-checking=release i486-linux-gnu
Thread model: posix
gcc version 4.1.2 20060928 (prerelease) (Ubuntu 4.1.1-13ubuntu5)
configure:2567: $? = 0
configure:2574: gcc -V >&5
gcc: '-V' option must have argument
configure:2577: $? = 1
configure:2600: checking for C compiler default output file name
configure:2627: gcc -O2   conftest.c  >&5
configure:2630: $? = 0
configure:2668: result: a.out
configure:2685: checking whether the C compiler works
configure:2695: ./a.out
configure:2698: $? = 0
configure:2715: result: yes
configure:2722: checking whether we are cross compiling
configure:2724: result: no
configure:2727: checking for suffix of executables
configure:2734: gcc -o conftest -O2   conftest.c  >&5
configure:2737: $? = 0
configure:2761: result: 
configure:2767: checking for suffix of object files
configure:2793: gcc -c -O2  conftest.c >&5
configure:2796: $? = 0
configure:2819: result: o
configure:2823: checking whether we are using the GNU C compiler
configure:2852: gcc -c -O2  conftest.c >&5
configure:2858: $? = 0
configure:2875: result: yes
configure:2880: checking whether gcc accepts -g
configure:2910: gcc -c -g  conftest.c >&5
configure:2916: $? = 0
configure:3015: result: yes
configure:3032: checking for gcc option to accept ISO C89
configure:3106: gcc  -c -O2  conftest.c >&5
configure:3112: $? = 0
configure:3135: result: none needed
configure:3197: checking for a BSD-compatible install
configure:3253: result: /usr/bin/install -c
configure:3272: checking how to run the C preprocessor
configure:3312: gcc -E  conftest.c
configure:3318: $? = 0
configure:3349: gcc -E  conftest.c
conftest.c:8:28: error: ac_nonexistent.h: No such file or directory
configure:3355: $? = 1
configure: failed program was:
| /* confdefs.h.  */
| #define PACKAGE_NAME ""
| #define PACKAGE_TARNAME ""
| #define PACKAGE_VERSION ""
| #define PACKAGE_STRING ""
| #define PACKAGE_BUGREPORT ""
| /* end confdefs.h.  */
| #include <ac_nonexistent.h>
configure:3388: result: gcc -E
configure:3417: gcc -E  conftest.c
configure:3423: $? = 0
configure:3454: gcc -E  conftest.c
conftest.c:8:28: error: ac_nonexistent.h: No such file or directory
configure:3460: $? = 1
configure: failed program was:
| /* confdefs.h.  */
| #define PACKAGE_NAME ""
| #define PACKAGE_TARNAME ""
| #define PACKAGE_VERSION ""
| #define PACKAGE_STRING ""
| #define PACKAGE_BUGREPORT ""
| /* end confdefs.h.  */
| #include <ac_nonexistent.h>
configure:3498: checking for grep that handles long lines and -e
configure:3572: result: /bin/grep
configure:3577: checking for egrep
configure:3655: result: /bin/grep -E
configure:3660: checking for ANSI C header files
configure:3690: gcc -c -O2  conftest.c >&5
configure:3696: $? = 0
configure:3795: gcc -o conftest -O2   conftest.c  >&5
configure:3798: $? = 0
configure:3804: ./conftest
configure:3807: $? = 0
configure:3824: result: yes
configure:3848: checking for sys/types.h
configure:3869: gcc -c -O2  conftest.c >&5
configure:3875: $? = 0
configure:3891: result: yes
configure:3848: checking for sys/stat.h
configure:3869: gcc -c -O2  conftest.c >&5
configure:3875: $? = 0
configure:3891: result: yes
configure:3848: checking for stdlib.h
configure:3869: gcc -c -O2  conftest.c >&5
configure:3875: $? = 0
configure:3891: result: yes
configure:3848: checking for string.h
configure:3869: gcc -c -O2  conftest.c >&5
configure:3875: $? = 0
configure:3891: result: yes
configure:3848: checking for memory.h
configure:3869: gcc -c -O2  conftest.c >&5
configure:3875: $? = 0
configure:3891: result: yes
configure:3848: checking for strings.h
configure:3869: gcc -c -O2  conftest.c >&5
configure:3875: $? = 0
configure:3891: result: yes
configure:3848: checking for inttypes.h
configure:3869: gcc -c -O2  conftest.c >&5
configure:3875: $? = 0
configure:3891: result: yes
configure:3848: checking for stdint.h
configure:3869: gcc -c -O2  conftest.c >&5
configure:3875: $? = 0
configure:3891: result: yes
configure:3848: checking for unistd.h
configure:3869: gcc -c -O2  conftest.c >&5
configure:3875: $? = 0
configure:3891: result: yes
configure:3913: checking zlib.h usability
configure:3930: gcc -c -O2  conftest.c >&5
configure:3936: $? = 0
configure:3950: result: yes
configure:3954: checking zlib.h presence
configure:3969: gcc -E  conftest.c
configure:3975: $? = 0
configure:3989: result: yes
configure:4017: checking for zlib.h
configure:4024: result: yes
configure:4039: checking for gzopen in -lz
configure:4074: gcc -o conftest -O2   conftest.c -lz   >&5
configure:4080: $? = 0
configure:4098: result: yes
configure:4253: creating ./config.status

## ---------------------- ##
## Running config.status. ##
## ---------------------- ##

This file was extended by config.status, which was
generated by GNU Autoconf 2.61.  Invocation command line was

  CONFIG_FILES    = 
  CONFIG_HEADERS  = 
  CONFIG_LINKS    = 
  CONFIG_COMMANDS = 
  $ ./config.status 

on repo

config.status:592: creating Makefile

## ---------------- ##
## Cache variables. ##
## ---------------- ##

ac_cv_c_compiler_gnu=yes
ac_cv_env_CC_set=
ac_cv_env_CC_value=
ac_cv_env_CFLAGS_set=
ac_cv_env_CFLAGS_value=
ac_cv_env_CPPFLAGS_set=
ac_cv_env_CPPFLAGS_value=
ac_cv_env_CPP_set=
ac_cv_env_CPP_value=
ac_cv_env_LDFLAGS_set=
ac_cv_env_LDFLAGS_value=
ac_cv_env_LIBS_set=
ac_cv_env_LIBS_value=
ac_cv_env_build_alias_set=
ac_cv_env_build_alias_value=
ac_cv_env_host_alias_set=
ac_cv_env_host_alias_value=
ac_cv_env_target_alias_set=
ac_cv_env_target_alias_value=
ac_cv_header_inttypes_h=yes
ac_cv_header_memory_h=yes
ac_cv_header_stdc=yes
ac_cv_header_stdint_h=yes
ac_cv_header_stdlib_h=yes
ac_cv_header_string_h=yes
ac_cv_header_strings_h=yes
ac_cv_header_sys_stat_h=yes
ac_cv_header_sys_types_h=yes
ac_cv_header_unistd_h=yes
ac_cv_header_zlib_h=yes
ac_cv_lib_z_gzopen=yes
ac_cv_objext=o
ac_cv_path_EGREP='/bin/grep -E'
ac_cv_path_GREP=/bin/grep
ac_cv_path_install='/usr/bin/install -c'
ac_cv_prog_CPP='gcc -E'
ac_cv_prog_OCAMLC=ocamlc
ac_cv_prog_OCAMLCDOTOPT=ocamlc.opt
ac_cv_prog_OCAMLDEP=ocamldep
ac_cv_prog_OCAMLDOC=ocamldoc
ac_cv_prog_OCAMLMKLIB=ocamlmklib
ac_cv_prog_OCAMLMKTOP=ocamlmktop
ac_cv_prog_OCAMLOPT=ocamlopt
ac_cv_prog_OCAMLOPTDOTOPT=ocamlopt.opt
ac_cv_prog_ac_ct_CC=gcc
ac_cv_prog_cc_c89=
ac_cv_prog_cc_g=yes

## ----------------- ##
## Output variables. ##
## ----------------- ##

BZ_PREFIX='BZ2_'
CC='gcc'
CFLAGS='-O2'
CPP='gcc -E'
CPPFLAGS=''
DEFS='-DPACKAGE_NAME=\"\" -DPACKAGE_TARNAME=\"\" -DPACKAGE_VERSION=\"\" -DPACKAGE_STRING=\"\" -DPACKAGE_BUGREPORT=\"\" -DSTDC_HEADERS=1 -DHAVE_SYS_TYPES_H=1 -DHAVE_SYS_STAT_H=1 -DHAVE_STDLIB_H=1 -DHAVE_STRING_H=1 -DHAVE_MEMORY_H=1 -DHAVE_STRINGS_H=1 -DHAVE_INTTYPES_H=1 -DHAVE_STDINT_H=1 -DHAVE_UNISTD_H=1 -DHAVE_LIBZ=1'
ECHO_C=''
ECHO_N='-n'
ECHO_T=''
EGREP='/bin/grep -E'
EXEEXT=''
GREP='/bin/grep'
INSTALLDIR='$(OCAMLLIB)/site-lib/$(NAME)'
INSTALL_DATA='${INSTALL} -m 644'
INSTALL_PROGRAM='${INSTALL}'
INSTALL_SCRIPT='${INSTALL}'
LDFLAGS=''
LIBOBJS=''
LIBS='-lz '
LTLIBOBJS=''
OBJEXT='o'
OCAMLBEST='opt'
OCAMLC='ocamlc.opt'
OCAMLCDOTOPT='ocamlc.opt'
OCAMLDEP='ocamldep'
OCAMLDOC='ocamldoc'
OCAMLFIND=''
OCAMLLIB='/opt/ocaml-3.10.2/lib/ocaml'
OCAMLMKLIB='ocamlmklib'
OCAMLMKTOP='ocamlmktop'
OCAMLOPT='ocamlopt.opt'
OCAMLOPTDOTOPT='ocamlopt.opt'
OCAMLVERSION='3.10.2'
PACKAGE_BUGREPORT=''
PACKAGE_NAME=''
PACKAGE_STRING=''
PACKAGE_TARNAME=''
PACKAGE_VERSION=''
PATH_SEPARATOR=':'
SHELL='/bin/bash'
ac_ct_CC='gcc'
bindir='${exec_prefix}/bin'
build_alias=''
datadir='${datarootdir}'
datarootdir='${prefix}/share'
docdir='${datarootdir}/doc/${PACKAGE}'
dvidir='${docdir}'
exec_prefix='${prefix}'
host_alias=''
htmldir='${docdir}'
includedir='${prefix}/include'
infodir='${datarootdir}/info'
libdir='${exec_prefix}/lib'
libexecdir='${exec_prefix}/libexec'
localedir='${datarootdir}/locale'
localstatedir='${prefix}/var'
mandir='${datarootdir}/man'
oldincludedir='/usr/include'
pdfdir='${docdir}'
prefix='/usr/local'
program_transform_name='s,x,x,'
psdir='${docdir}'
sbindir='${exec_prefix}/sbin'
sharedstatedir='${prefix}/com'
sysconfdir='${prefix}/etc'
target_alias=''

## ----------- ##
## confdefs.h. ##
## ----------- ##

#define PACKAGE_NAME ""
#define PACKAGE_TARNAME ""
#define PACKAGE_VERSION ""
#define PACKAGE_STRING ""
#define PACKAGE_BUGREPORT ""
#define STDC_HEADERS 1
#define HAVE_SYS_TYPES_H 1
#define HAVE_SYS_STAT_H 1
#define HAVE_STDLIB_H 1
#define HAVE_STRING_H 1
#define HAVE_MEMORY_H 1
#define HAVE_STRINGS_H 1
#define HAVE_INTTYPES_H 1
#define HAVE_STDINT_H 1
#define HAVE_UNISTD_H 1
#define HAVE_LIBZ 1

configure: exit 0
